wanhaohui2/build/outputs/logs/manifest-merger-platform_whh2-release-report.txt
-- Merging decision tree log ---
manifest
ADDED from src\main\AndroidManifest.xml:2:1-331:12
	package
		ADDED from src\main\AndroidManifest.xml:4:5-42
		INJECTED from src\main\AndroidManifest.xml
		INJECTED from src\main\AndroidManifest.xml
	android:versionName
		INJECTED from src\main\AndroidManifest.xml
		INJECTED from src\main\AndroidManifest.xml
	xmlns:tools
		ADDED from src\main\AndroidManifest.xml:3:5-51
	xmlns:android
		ADDED from src\main\AndroidManifest.xml:2:11-69
	android:versionCode
		INJECTED from src\main\AndroidManifest.xml
		INJECTED from src\main\AndroidManifest.xml
uses-permission#android.permission.INTERNET
ADDED from src\main\AndroidManifest.xml:6:5-67
MERGED from [wishland:PushSDK:unspecified] AndroidManifest.xml:11:5-67
MERGED from [com.lzy.net:okgo:2.1.4] AndroidManifest.xml:11:5-67
	android:name
		ADDED from src\main\AndroidManifest.xml:6:22-64
uses-permission#android.permission.MOUNT_UNMOUNT_FILESYSTEMS
ADDED from src\main\AndroidManifest.xml:7:5-84
MERGED from [com.lzy.net:okgo:2.1.4] AndroidManifest.xml:14:5-84
	android:name
		ADDED from src\main\AndroidManifest.xml:7:22-81
uses-permission#android.permission.READ_EXTERNAL_STORAGE
ADDED from src\main\AndroidManifest.xml:8:5-80
MERGED from [com.lzy.net:okgo:2.1.4] AndroidManifest.xml:12:5-80
	android:name
		ADDED from src\main\AndroidManifest.xml:8:22-77
uses-permission#android.permission.ACCESS_NETWORK_STATE
ADDED from src\main\AndroidManifest.xml:9:5-79
MERGED from [wishland:PushSDK:unspecified] AndroidManifest.xml:12:5-79
	android:name
		ADDED from src\main\AndroidManifest.xml:9:22-76
uses-permission#android.permission.ACCESS_WIFI_STATE
ADDED from src\main\AndroidManifest.xml:10:5-76
MERGED from [wishland:PushSDK:unspecified] AndroidManifest.xml:13:5-76
	android:name
		ADDED from src\main\AndroidManifest.xml:10:22-73
uses-permission#android.permission.READ_PHONE_STATE
ADDED from src\main\AndroidManifest.xml:11:5-75
MERGED from [wishland:PushSDK:unspecified] AndroidManifest.xml:16:5-75
	android:name
		ADDED from src\main\AndroidManifest.xml:11:22-72
uses-permission#android.permission.ACCESS_COARSE_LOCATION
ADDED from src\main\AndroidManifest.xml:15:5-81
	android:name
		ADDED from src\main\AndroidManifest.xml:15:22-78
uses-permission#android.permission.ACCESS_FINE_LOCATION
ADDED from src\main\AndroidManifest.xml:16:5-79
	android:name
		ADDED from src\main\AndroidManifest.xml:16:22-76
uses-permission#android.permission.CHANGE_WIFI_STATE
ADDED from src\main\AndroidManifest.xml:17:5-76
MERGED from [wishland:PushSDK:unspecified] AndroidManifest.xml:25:5-76
	android:name
		ADDED from src\main\AndroidManifest.xml:17:22-73
uses-permission#android.permission.WRITE_EXTERNAL_STORAGE
ADDED from src\main\AndroidManifest.xml:18:5-81
MERGED from [wishland:PushSDK:unspecified] AndroidManifest.xml:14:5-81
MERGED from [com.lzy.net:okgo:2.1.4] AndroidManifest.xml:13:5-81
	android:name
		ADDED from src\main\AndroidManifest.xml:18:22-78
uses-permission#android.permission.CAMERA
ADDED from src\main\AndroidManifest.xml:24:5-65
	android:name
		ADDED from src\main\AndroidManifest.xml:24:22-62
uses-permission#android.permission.MODIFY_AUDIO_SETTINGS
ADDED from src\main\AndroidManifest.xml:26:5-80
	android:name
		ADDED from src\main\AndroidManifest.xml:26:22-77
uses-permission#android.permission.RECORD_AUDIO
ADDED from src\main\AndroidManifest.xml:27:5-71
	android:name
		ADDED from src\main\AndroidManifest.xml:27:22-68
uses-permission#android.permission.WAKE_LOCK
ADDED from src\main\AndroidManifest.xml:28:5-68
MERGED from [wishland:PushSDK:unspecified] AndroidManifest.xml:15:5-68
	android:name
		ADDED from src\main\AndroidManifest.xml:28:22-65
application
ADDED from src\main\AndroidManifest.xml:33:5-329:19
MERGED from [wishland:PushSDK:unspecified] AndroidManifest.xml:27:5-156:19
MERGED from [com.android.support:design:25.0.0] AndroidManifest.xml:25:5-20
MERGED from [com.android.support:transition:25.0.0] AndroidManifest.xml:22:5-20
MERGED from [com.android.support:cardview-v7:25.0.0] AndroidManifest.xml:22:5-20
MERGED from [com.github.bumptech.glide:okhttp3-integration:1.4.0] AndroidManifest.xml:11:5-15:19
MERGED from [com.afollestad.material-dialogs:core:0.9.4.4] AndroidManifest.xml:13:5-20
MERGED from [me.imid.swipebacklayout.lib:library:1.0.0] AndroidManifest.xml:11:5-20
MERGED from [com.othershe:BaseAdapter:1.1.5] AndroidManifest.xml:11:5-15:19
MERGED from [com.android.support:recyclerview-v7:25.4.0] AndroidManifest.xml:22:5-26:19
MERGED from [com.android.support:appcompat-v7:25.3.1] AndroidManifest.xml:29:5-20
MERGED from [com.android.support:animated-vector-drawable:25.3.1] AndroidManifest.xml:26:5-20
MERGED from [com.android.support:support-vector-drawable:25.3.1] AndroidManifest.xml:26:5-20
MERGED from [com.android.support:support-v13:25.3.1] AndroidManifest.xml:29:5-20
MERGED from [com.android.support:support-v4:25.3.1] AndroidManifest.xml:29:5-20
MERGED from [com.android.support:support-fragment:25.3.1] AndroidManifest.xml:29:5-20
MERGED from [com.android.support:support-media-compat:25.3.1] AndroidManifest.xml:29:5-20
MERGED from [com.android.support:support-core-ui:25.4.0] AndroidManifest.xml:25:5-29:19
MERGED from [com.android.support:support-core-utils:25.3.1] AndroidManifest.xml:29:5-20
MERGED from [com.android.support:support-compat:25.4.0] AndroidManifest.xml:25:5-29:19
	android:label
		ADDED from src\main\AndroidManifest.xml:37:9-35
		INJECTED from src\main\AndroidManifest.xml
		REJECTED from [com.othershe:BaseAdapter:1.1.5] AndroidManifest.xml:13:9-41
	android:supportsRtl
		ADDED from src\main\AndroidManifest.xml:39:9-35
	android:hardwareAccelerated
		ADDED from src\main\AndroidManifest.xml:35:9-43
	android:roundIcon
		ADDED from src\main\AndroidManifest.xml:38:9-36
		INJECTED from src\main\AndroidManifest.xml
	android:icon
		ADDED from src\main\AndroidManifest.xml:36:9-31
		INJECTED from src\main\AndroidManifest.xml
	android:allowBackup
		ADDED from [com.othershe:BaseAdapter:1.1.5] AndroidManifest.xml:12:9-35
	android:theme
		ADDED from src\main\AndroidManifest.xml:40:9-40
	tools:replace
		ADDED from src\main\AndroidManifest.xml:41:9-64
	android:name
		ADDED from src\main\AndroidManifest.xml:34:9-43
meta-data#design_width
ADDED from src\main\AndroidManifest.xml:42:9-44:35
	android:value
		ADDED from src\main\AndroidManifest.xml:44:13-32
	android:name
		ADDED from src\main\AndroidManifest.xml:43:13-40
meta-data#design_height
ADDED from src\main\AndroidManifest.xml:45:9-47:36
	android:value
		ADDED from src\main\AndroidManifest.xml:47:13-33
	android:name
		ADDED from src\main\AndroidManifest.xml:46:13-41
activity#com.wishland.www.wanhaohui2.view.activity.WelcomeActivity
ADDED from src\main\AndroidManifest.xml:52:9-63:20
	android:screenOrientation
		ADDED from src\main\AndroidManifest.xml:56:13-49
	android:launchMode
		ADDED from src\main\AndroidManifest.xml:55:13-43
	android:configChanges
		ADDED from src\main\AndroidManifest.xml:54:13-74
	android:theme
		ADDED from src\main\AndroidManifest.xml:57:13-46
	android:name
		ADDED from src\main\AndroidManifest.xml:53:13-58
intent-filter#android.intent.action.MAIN+android.intent.category.LAUNCHER
ADDED from src\main\AndroidManifest.xml:58:13-62:29
action#android.intent.action.MAIN
ADDED from src\main\AndroidManifest.xml:59:17-69
	android:name
		ADDED from src\main\AndroidManifest.xml:59:25-66
category#android.intent.category.LAUNCHER
ADDED from src\main\AndroidManifest.xml:61:17-77
	android:name
		ADDED from src\main\AndroidManifest.xml:61:27-74
activity#com.wishland.www.wanhaohui2.view.activity.MainActivity
ADDED from src\main\AndroidManifest.xml:65:9-70:55
	android:screenOrientation
		ADDED from src\main\AndroidManifest.xml:69:13-49
	android:launchMode
		ADDED from src\main\AndroidManifest.xml:68:13-43
	android:windowSoftInputMode
		ADDED from src\main\AndroidManifest.xml:70:13-52
	android:configChanges
		ADDED from src\main\AndroidManifest.xml:67:13-74
	android:name
		ADDED from src\main\AndroidManifest.xml:66:13-55
activity#com.wishland.www.wanhaohui2.view.activity.BalanceDetailsActivity
ADDED from src\main\AndroidManifest.xml:73:9-76:52
	android:screenOrientation
		ADDED from src\main\AndroidManifest.xml:76:13-49
	android:launchMode
		ADDED from src\main\AndroidManifest.xml:75:13-43
	android:name
		ADDED from src\main\AndroidManifest.xml:74:13-65
activity#com.wishland.www.wanhaohui2.view.activity.ContactUsActivity
ADDED from src\main\AndroidManifest.xml:77:9-80:52
	android:screenOrientation
		ADDED from src\main\AndroidManifest.xml:80:13-49
	android:launchMode
		ADDED from src\main\AndroidManifest.xml:79:13-43
	android:name
		ADDED from src\main\AndroidManifest.xml:78:13-60
activity#com.wishland.www.wanhaohui2.view.activity.CatchFishActivity
ADDED from src\main\AndroidManifest.xml:81:9-85:52
	android:screenOrientation
		ADDED from src\main\AndroidManifest.xml:85:13-49
	android:launchMode
		ADDED from src\main\AndroidManifest.xml:84:13-43
	android:configChanges
		ADDED from src\main\AndroidManifest.xml:83:13-74
	android:name
		ADDED from src\main\AndroidManifest.xml:82:13-60
activity#com.wishland.www.wanhaohui2.view.activity.EGameDetailActivity
ADDED from src\main\AndroidManifest.xml:86:9-90:52
	android:screenOrientation
		ADDED from src\main\AndroidManifest.xml:90:13-49
	android:launchMode
		ADDED from src\main\AndroidManifest.xml:89:13-43
	android:configChanges
		ADDED from src\main\AndroidManifest.xml:88:13-74
	android:name
		ADDED from src\main\AndroidManifest.xml:87:13-62
activity#com.wishland.www.wanhaohui2.view.activity.LiveVideoActivity
ADDED from src\main\AndroidManifest.xml:91:9-95:52
	android:screenOrientation
		ADDED from src\main\AndroidManifest.xml:95:13-49
	android:launchMode
		ADDED from src\main\AndroidManifest.xml:94:13-43
	android:configChanges
		ADDED from src\main\AndroidManifest.xml:93:13-74
	android:name
		ADDED from src\main\AndroidManifest.xml:92:13-60
activity#com.wishland.www.wanhaohui2.view.activity.PersonalInfActivity
ADDED from src\main\AndroidManifest.xml:96:9-99:52
	android:screenOrientation
		ADDED from src\main\AndroidManifest.xml:99:13-49
	android:launchMode
		ADDED from src\main\AndroidManifest.xml:98:13-43
	android:name
		ADDED from src\main\AndroidManifest.xml:97:13-62
activity#com.wishland.www.wanhaohui2.view.activity.SportsEventActivity
ADDED from src\main\AndroidManifest.xml:100:9-104:52
	android:screenOrientation
		ADDED from src\main\AndroidManifest.xml:104:13-49
	android:launchMode
		ADDED from src\main\AndroidManifest.xml:103:13-43
	android:configChanges
		ADDED from src\main\AndroidManifest.xml:102:13-74
	android:name
		ADDED from src\main\AndroidManifest.xml:101:13-62
activity#com.wishland.www.wanhaohui2.view.activity.MyMessageActivity
ADDED from src\main\AndroidManifest.xml:105:9-108:52
	android:screenOrientation
		ADDED from src\main\AndroidManifest.xml:108:13-49
	android:launchMode
		ADDED from src\main\AndroidManifest.xml:107:13-43
	android:name
		ADDED from src\main\AndroidManifest.xml:106:13-60
activity#com.wishland.www.wanhaohui2.view.activity.MemberRatingActivity
ADDED from src\main\AndroidManifest.xml:109:9-112:52
	android:screenOrientation
		ADDED from src\main\AndroidManifest.xml:112:13-49
	android:launchMode
		ADDED from src\main\AndroidManifest.xml:111:13-43
	android:name
		ADDED from src\main\AndroidManifest.xml:110:13-63
activity#com.wishland.www.wanhaohui2.view.activity.LottoDeluxeActivity
ADDED from src\main\AndroidManifest.xml:113:9-117:52
	android:screenOrientation
		ADDED from src\main\AndroidManifest.xml:117:13-49
	android:launchMode
		ADDED from src\main\AndroidManifest.xml:116:13-43
	android:configChanges
		ADDED from src\main\AndroidManifest.xml:115:13-74
	android:name
		ADDED from src\main\AndroidManifest.xml:114:13-62
activity#com.wishland.www.wanhaohui2.view.activity.ComplaintAdviceActivity
ADDED from src\main\AndroidManifest.xml:118:9-121:52
	android:screenOrientation
		ADDED from src\main\AndroidManifest.xml:121:13-49
	android:launchMode
		ADDED from src\main\AndroidManifest.xml:120:13-43
	android:name
		ADDED from src\main\AndroidManifest.xml:119:13-66
activity#com.wishland.www.wanhaohui2.view.activity.DiscountsActivity
ADDED from src\main\AndroidManifest.xml:122:9-125:52
	android:screenOrientation
		ADDED from src\main\AndroidManifest.xml:125:13-49
	android:launchMode
		ADDED from src\main\AndroidManifest.xml:124:13-43
	android:name
		ADDED from src\main\AndroidManifest.xml:123:13-60
activity#com.wishland.www.wanhaohui2.view.activity.TransferActivity
ADDED from src\main\AndroidManifest.xml:126:9-129:52
	android:screenOrientation
		ADDED from src\main\AndroidManifest.xml:129:13-49
	android:launchMode
		ADDED from src\main\AndroidManifest.xml:128:13-43
	android:name
		ADDED from src\main\AndroidManifest.xml:127:13-59
activity#com.wishland.www.wanhaohui2.view.activity.DepositActivity
ADDED from src\main\AndroidManifest.xml:130:9-133:52
	android:screenOrientation
		ADDED from src\main\AndroidManifest.xml:133:13-49
	android:launchMode
		ADDED from src\main\AndroidManifest.xml:132:13-43
	android:name
		ADDED from src\main\AndroidManifest.xml:131:13-58
activity#com.wishland.www.wanhaohui2.view.activity.RecordQueryActivity
ADDED from src\main\AndroidManifest.xml:134:9-137:52
	android:screenOrientation
		ADDED from src\main\AndroidManifest.xml:137:13-49
	android:launchMode
		ADDED from src\main\AndroidManifest.xml:136:13-43
	android:name
		ADDED from src\main\AndroidManifest.xml:135:13-62
activity#com.wishland.www.wanhaohui2.view.activity.LoginActivity
ADDED from src\main\AndroidManifest.xml:138:9-141:52
	android:screenOrientation
		ADDED from src\main\AndroidManifest.xml:141:13-49
	android:launchMode
		ADDED from src\main\AndroidManifest.xml:140:13-43
	android:name
		ADDED from src\main\AndroidManifest.xml:139:13-56
activity#com.wishland.www.wanhaohui2.view.activity.MyDiscountActivity
ADDED from src\main\AndroidManifest.xml:142:9-145:52
	android:screenOrientation
		ADDED from src\main\AndroidManifest.xml:145:13-49
	android:launchMode
		ADDED from src\main\AndroidManifest.xml:144:13-43
	android:name
		ADDED from src\main\AndroidManifest.xml:143:13-61
activity#com.wishland.www.wanhaohui2.view.activity.RegisterActivity
ADDED from src\main\AndroidManifest.xml:146:9-149:52
	android:screenOrientation
		ADDED from src\main\AndroidManifest.xml:149:13-49
	android:launchMode
		ADDED from src\main\AndroidManifest.xml:148:13-43
	android:name
		ADDED from src\main\AndroidManifest.xml:147:13-59
activity#com.wishland.www.wanhaohui2.view.activity.DetailsHtmlPageActivity
ADDED from src\main\AndroidManifest.xml:150:9-162:20
	android:process
		ADDED from src\main\AndroidManifest.xml:156:13-36
	android:label
		ADDED from src\main\AndroidManifest.xml:154:13-36
	android:launchMode
		ADDED from src\main\AndroidManifest.xml:155:13-43
	android:exported
		ADDED from src\main\AndroidManifest.xml:153:13-37
	android:configChanges
		ADDED from src\main\AndroidManifest.xml:152:13-74
	android:name
		ADDED from src\main\AndroidManifest.xml:151:13-66
intent-filter#android.intent.category.DEFAULT+com.whh.www.html
ADDED from src\main\AndroidManifest.xml:157:13-161:29
action#com.whh.www.html
ADDED from src\main\AndroidManifest.xml:158:17-59
	android:name
		ADDED from src\main\AndroidManifest.xml:158:25-56
category#android.intent.category.DEFAULT
ADDED from src\main\AndroidManifest.xml:160:17-76
	android:name
		ADDED from src\main\AndroidManifest.xml:160:27-73
activity#com.wishland.www.wanhaohui2.view.activity.MyDepositActivity
ADDED from src\main\AndroidManifest.xml:169:9-172:52
	android:screenOrientation
		ADDED from src\main\AndroidManifest.xml:172:13-49
	android:launchMode
		ADDED from src\main\AndroidManifest.xml:171:13-43
	android:name
		ADDED from src\main\AndroidManifest.xml:170:13-60
activity#com.wishland.www.wanhaohui2.view.activity.DrawActivity
ADDED from src\main\AndroidManifest.xml:173:9-176:52
	android:screenOrientation
		ADDED from src\main\AndroidManifest.xml:176:13-49
	android:launchMode
		ADDED from src\main\AndroidManifest.xml:175:13-43
	android:name
		ADDED from src\main\AndroidManifest.xml:174:13-55
activity#com.wishland.www.wanhaohui2.view.activity.BankListActivity
ADDED from src\main\AndroidManifest.xml:177:9-180:52
	android:screenOrientation
		ADDED from src\main\AndroidManifest.xml:180:13-49
	android:launchMode
		ADDED from src\main\AndroidManifest.xml:179:13-43
	android:name
		ADDED from src\main\AndroidManifest.xml:178:13-59
activity#com.wishland.www.wanhaohui2.view.activity.MessageDetailActivity
ADDED from src\main\AndroidManifest.xml:182:9-185:52
	android:screenOrientation
		ADDED from src\main\AndroidManifest.xml:185:13-49
	android:launchMode
		ADDED from src\main\AndroidManifest.xml:184:13-43
	android:name
		ADDED from src\main\AndroidManifest.xml:183:13-64
activity#com.wishland.www.wanhaohui2.view.activity.DetailQuestDealActivity
ADDED from src\main\AndroidManifest.xml:186:9-189:52
	android:screenOrientation
		ADDED from src\main\AndroidManifest.xml:189:13-49
	android:launchMode
		ADDED from src\main\AndroidManifest.xml:188:13-43
	android:name
		ADDED from src\main\AndroidManifest.xml:187:13-66
activity#com.wishland.www.wanhaohui2.view.activity.ChangePswActivity
ADDED from src\main\AndroidManifest.xml:190:9-193:52
	android:screenOrientation
		ADDED from src\main\AndroidManifest.xml:193:13-49
	android:launchMode
		ADDED from src\main\AndroidManifest.xml:192:13-43
	android:name
		ADDED from src\main\AndroidManifest.xml:191:13-60
activity#com.wishland.www.wanhaohui2.view.activity.BindBankActivity
ADDED from src\main\AndroidManifest.xml:194:9-197:52
	android:screenOrientation
		ADDED from src\main\AndroidManifest.xml:197:13-49
	android:launchMode
		ADDED from src\main\AndroidManifest.xml:196:13-43
	android:name
		ADDED from src\main\AndroidManifest.xml:195:13-59
activity#com.wishland.www.wanhaohui2.view.activity.EGameListActivity
ADDED from src\main\AndroidManifest.xml:198:9-202:52
	android:screenOrientation
		ADDED from src\main\AndroidManifest.xml:202:13-49
	android:launchMode
		ADDED from src\main\AndroidManifest.xml:201:13-43
	android:configChanges
		ADDED from src\main\AndroidManifest.xml:200:13-74
	android:name
		ADDED from src\main\AndroidManifest.xml:199:13-60
activity#com.wishland.www.wanhaohui2.view.activity.DrwaResultActivity
ADDED from src\main\AndroidManifest.xml:203:9-206:52
	android:screenOrientation
		ADDED from src\main\AndroidManifest.xml:206:13-49
	android:launchMode
		ADDED from src\main\AndroidManifest.xml:205:13-43
	android:name
		ADDED from src\main\AndroidManifest.xml:204:13-61
activity#com.wishland.www.wanhaohui2.view.activity.DrawHistoryActivity
ADDED from src\main\AndroidManifest.xml:207:9-210:52
	android:screenOrientation
		ADDED from src\main\AndroidManifest.xml:210:13-49
	android:launchMode
		ADDED from src\main\AndroidManifest.xml:209:13-43
	android:name
		ADDED from src\main\AndroidManifest.xml:208:13-62
activity#com.wishland.www.wanhaohui2.view.activity.MarkSixActivity
ADDED from src\main\AndroidManifest.xml:211:9-215:52
	android:screenOrientation
		ADDED from src\main\AndroidManifest.xml:215:13-49
	android:launchMode
		ADDED from src\main\AndroidManifest.xml:214:13-43
	android:configChanges
		ADDED from src\main\AndroidManifest.xml:213:13-74
	android:name
		ADDED from src\main\AndroidManifest.xml:212:13-58
activity#com.wishland.www.wanhaohui2.view.activity.ChangePhoneActivity
ADDED from src\main\AndroidManifest.xml:216:9-219:52
	android:screenOrientation
		ADDED from src\main\AndroidManifest.xml:219:13-49
	android:launchMode
		ADDED from src\main\AndroidManifest.xml:218:13-43
	android:name
		ADDED from src\main\AndroidManifest.xml:217:13-62
activity#com.wishland.www.wanhaohui2.view.activity.ChangePhoneNumActivity
ADDED from src\main\AndroidManifest.xml:220:9-223:52
	android:screenOrientation
		ADDED from src\main\AndroidManifest.xml:223:13-49
	android:launchMode
		ADDED from src\main\AndroidManifest.xml:222:13-43
	android:name
		ADDED from src\main\AndroidManifest.xml:221:13-65
activity#com.wishland.www.wanhaohui2.view.activity.PlaceOrderActivity
ADDED from src\main\AndroidManifest.xml:224:9-227:52
	android:screenOrientation
		ADDED from src\main\AndroidManifest.xml:227:13-49
	android:launchMode
		ADDED from src\main\AndroidManifest.xml:226:13-43
	android:name
		ADDED from src\main\AndroidManifest.xml:225:13-61
activity#com.wishland.www.wanhaohui2.view.activity.PlaceOrderDealActivity
ADDED from src\main\AndroidManifest.xml:228:9-231:52
	android:screenOrientation
		ADDED from src\main\AndroidManifest.xml:231:13-49
	android:launchMode
		ADDED from src\main\AndroidManifest.xml:230:13-43
	android:name
		ADDED from src\main\AndroidManifest.xml:229:13-65
activity#com.wishland.www.wanhaohui2.view.activity.LineQueryActivity
ADDED from src\main\AndroidManifest.xml:232:9-234:52
	android:screenOrientation
		ADDED from src\main\AndroidManifest.xml:234:13-49
	android:name
		ADDED from src\main\AndroidManifest.xml:233:13-60
activity#com.wishland.www.wanhaohui2.view.activity.QuestionActivity
ADDED from src\main\AndroidManifest.xml:235:9-238:52
	android:screenOrientation
		ADDED from src\main\AndroidManifest.xml:238:13-49
	android:launchMode
		ADDED from src\main\AndroidManifest.xml:237:13-43
	android:name
		ADDED from src\main\AndroidManifest.xml:236:13-59
activity#com.wishland.www.wanhaohui2.view.activity.ChessCardActivity
ADDED from src\main\AndroidManifest.xml:239:9-242:52
	android:screenOrientation
		ADDED from src\main\AndroidManifest.xml:242:13-49
	android:launchMode
		ADDED from src\main\AndroidManifest.xml:241:13-43
	android:name
		ADDED from src\main\AndroidManifest.xml:240:13-60
activity#com.wishland.www.wanhaohui2.view.activity.QuestionAndAnswerActivity
ADDED from src\main\AndroidManifest.xml:243:9-246:52
	android:screenOrientation
		ADDED from src\main\AndroidManifest.xml:246:13-49
	android:launchMode
		ADDED from src\main\AndroidManifest.xml:245:13-43
	android:name
		ADDED from src\main\AndroidManifest.xml:244:13-68
activity#com.wishland.www.wanhaohui2.view.activity.ForgetPassWordActivity
ADDED from src\main\AndroidManifest.xml:247:9-250:52
	android:screenOrientation
		ADDED from src\main\AndroidManifest.xml:250:13-49
	android:launchMode
		ADDED from src\main\AndroidManifest.xml:249:13-43
	android:name
		ADDED from src\main\AndroidManifest.xml:248:13-65
activity#com.wishland.www.wanhaohui2.view.activity.FindPassWordActivity
ADDED from src\main\AndroidManifest.xml:251:9-254:52
	android:screenOrientation
		ADDED from src\main\AndroidManifest.xml:254:13-49
	android:launchMode
		ADDED from src\main\AndroidManifest.xml:253:13-43
	android:name
		ADDED from src\main\AndroidManifest.xml:252:13-63
activity#com.wishland.www.wanhaohui2.view.activity.MeaageListActivity
ADDED from src\main\AndroidManifest.xml:255:9-258:52
	android:screenOrientation
		ADDED from src\main\AndroidManifest.xml:258:13-49
	android:launchMode
		ADDED from src\main\AndroidManifest.xml:257:13-43
	android:name
		ADDED from src\main\AndroidManifest.xml:256:13-61
activity#com.wishland.www.wanhaohui2.view.activity.VerifyPhoneNumberActivity
ADDED from src\main\AndroidManifest.xml:259:9-262:52
	android:screenOrientation
		ADDED from src\main\AndroidManifest.xml:262:13-49
	android:launchMode
		ADDED from src\main\AndroidManifest.xml:261:13-43
	android:name
		ADDED from src\main\AndroidManifest.xml:260:13-68
activity#com.wishland.www.wanhaohui2.view.activity.AboutUsActivity
ADDED from src\main\AndroidManifest.xml:263:9-266:52
	android:screenOrientation
		ADDED from src\main\AndroidManifest.xml:266:13-49
	android:launchMode
		ADDED from src\main\AndroidManifest.xml:265:13-43
	android:name
		ADDED from src\main\AndroidManifest.xml:264:13-58
activity#com.wishland.www.wanhaohui2.view.activity.EGameFilterActivity
ADDED from src\main\AndroidManifest.xml:267:9-270:52
	android:screenOrientation
		ADDED from src\main\AndroidManifest.xml:270:13-49
	android:launchMode
		ADDED from src\main\AndroidManifest.xml:269:13-43
	android:name
		ADDED from src\main\AndroidManifest.xml:268:13-62
activity#com.wishland.www.wanhaohui2.view.activity.OthersActivity
ADDED from src\main\AndroidManifest.xml:271:9-274:52
	android:screenOrientation
		ADDED from src\main\AndroidManifest.xml:274:13-49
	android:launchMode
		ADDED from src\main\AndroidManifest.xml:273:13-43
	android:name
		ADDED from src\main\AndroidManifest.xml:272:13-57
activity#com.wishland.www.wanhaohui2.view.activity.WebActivity
ADDED from src\main\AndroidManifest.xml:275:9-285:20
	android:label
		ADDED from src\main\AndroidManifest.xml:279:13-36
	android:launchMode
		ADDED from src\main\AndroidManifest.xml:280:13-43
	android:exported
		ADDED from src\main\AndroidManifest.xml:278:13-37
	android:configChanges
		ADDED from src\main\AndroidManifest.xml:277:13-74
	android:name
		ADDED from src\main\AndroidManifest.xml:276:13-54
activity#com.wishland.www.wanhaohui2.view.activity.HotGameMoreActivity
ADDED from src\main\AndroidManifest.xml:287:9-290:52
	android:screenOrientation
		ADDED from src\main\AndroidManifest.xml:290:13-49
	android:launchMode
		ADDED from src\main\AndroidManifest.xml:289:13-43
	android:name
		ADDED from src\main\AndroidManifest.xml:288:13-62
activity#com.wishland.www.wanhaohui2.view.activity.StartUpActivity
ADDED from src\main\AndroidManifest.xml:292:9-296:49
	android:screenOrientation
		ADDED from src\main\AndroidManifest.xml:295:13-49
	android:configChanges
		ADDED from src\main\AndroidManifest.xml:294:13-74
	android:theme
		ADDED from src\main\AndroidManifest.xml:296:13-46
	android:name
		ADDED from src\main\AndroidManifest.xml:293:13-58
activity#com.wishland.www.wanhaohui2.view.activity.WebViewForDiscountActivity
ADDED from src\main\AndroidManifest.xml:298:9-303:46
	android:label
		ADDED from src\main\AndroidManifest.xml:302:13-36
	android:launchMode
		ADDED from src\main\AndroidManifest.xml:303:13-43
	android:exported
		ADDED from src\main\AndroidManifest.xml:301:13-37
	android:configChanges
		ADDED from src\main\AndroidManifest.xml:300:13-74
	android:name
		ADDED from src\main\AndroidManifest.xml:299:13-69
activity#com.wishland.www.wanhaohui2.view.activity.SetLoginPWActivity
ADDED from src\main\AndroidManifest.xml:305:9-308:46
	android:launchMode
		ADDED from src\main\AndroidManifest.xml:308:13-43
	android:configChanges
		ADDED from src\main\AndroidManifest.xml:307:13-74
	android:name
		ADDED from src\main\AndroidManifest.xml:306:13-61
activity#com.wishland.www.wanhaohui2.view.activity.ChangeUserNameActivity
ADDED from src\main\AndroidManifest.xml:310:9-313:46
	android:launchMode
		ADDED from src\main\AndroidManifest.xml:313:13-43
	android:configChanges
		ADDED from src\main\AndroidManifest.xml:312:13-74
	android:name
		ADDED from src\main\AndroidManifest.xml:311:13-65
service#com.wishland.www.wanhaohui2.service.AlarmService
ADDED from src\main\AndroidManifest.xml:317:9-57
	android:name
		ADDED from src\main\AndroidManifest.xml:317:18-54
meta-data#UMENG_APPKEY
ADDED from src\main\AndroidManifest.xml:319:9-321:57
	android:value
		ADDED from src\main\AndroidManifest.xml:321:13-44
		INJECTED from src\main\AndroidManifest.xml
	android:name
		ADDED from src\main\AndroidManifest.xml:320:13-40
meta-data#UMENG_MESSAGE_SECRET
ADDED from src\main\AndroidManifest.xml:322:9-324:65
	android:value
		ADDED from src\main\AndroidManifest.xml:324:13-52
		INJECTED from src\main\AndroidManifest.xml
	android:name
		ADDED from src\main\AndroidManifest.xml:323:13-48
meta-data#UMENG_CHANNEL
ADDED from src\main\AndroidManifest.xml:326:9-328:54
	android:value
		ADDED from src\main\AndroidManifest.xml:328:13-51
		INJECTED from src\main\AndroidManifest.xml
	android:name
		ADDED from src\main\AndroidManifest.xml:327:13-41
uses-sdk
INJECTED from src\main\AndroidManifest.xml reason: use-sdk injection requested
MERGED from [com.android.support:multidex:1.0.1] AndroidManifest.xml:18:5-42
MERGED from [wishland:PushSDK:unspecified] AndroidManifest.xml:7:5-9:41
MERGED from [com.android.support:design:25.0.0] AndroidManifest.xml:21:5-23:62
MERGED from [com.android.support:transition:25.0.0] AndroidManifest.xml:20:5-44
MERGED from [com.android.support:cardview-v7:25.0.0] AndroidManifest.xml:20:5-43
MERGED from [com.github.bumptech.glide:okhttp3-integration:1.4.0] AndroidManifest.xml:7:5-9:41
MERGED from [com.jakewharton:butterknife:8.8.1] AndroidManifest.xml:5:5-43
MERGED from [com.flyco.tablayout:FlycoTabLayout_Lib:2.1.2] AndroidManifest.xml:8:5-10:41
MERGED from [com.afollestad.material-dialogs:core:0.9.4.4] AndroidManifest.xml:8:5-11:75
MERGED from [me.zhanghai.android.materialprogressbar:library:1.4.0] AndroidManifest.xml:12:5-14:41
MERGED from [me.imid.swipebacklayout.lib:library:1.0.0] AndroidManifest.xml:7:5-9:41
MERGED from [com.wanjian:cockroach:0.0.5] AndroidManifest.xml:7:5-9:41
MERGED from [io.reactivex:rxandroid:1.1.0] AndroidManifest.xml:19:5-43
MERGED from [com.lzy.net:okgo:2.1.4] AndroidManifest.xml:7:5-9:41
MERGED from [com.facebook.fresco:fresco:1.5.0] AndroidManifest.xml:5:5-7:41
MERGED from [com.facebook.fresco:drawee:1.5.0] AndroidManifest.xml:5:5-7:41
MERGED from [com.facebook.fresco:animated-gif:0.12.0] AndroidManifest.xml:5:5-7:41
MERGED from [com.facebook.fresco:animated-base:0.12.0] AndroidManifest.xml:5:5-7:41
MERGED from [com.facebook.fresco:imagepipeline-okhttp3:1.5.0] AndroidManifest.xml:5:5-7:41
MERGED from [com.facebook.fresco:imagepipeline:1.5.0] AndroidManifest.xml:5:5-7:41
MERGED from [com.facebook.fresco:imagepipeline-base:1.5.0] AndroidManifest.xml:5:5-7:41
MERGED from [com.facebook.fresco:fbcore:1.5.0] AndroidManifest.xml:5:5-7:41
MERGED from [com.github.addappcn:android-pickers:1.0.1] AndroidManifest.xml:8:5-10:41
MERGED from [com.github.zcweng:switch-button:0.0.3] AndroidManifest.xml:7:5-9:41
MERGED from [com.othershe:BaseAdapter:1.1.5] AndroidManifest.xml:7:5-9:41
MERGED from [jp.wasabeef:recyclerview-animators:2.2.7] AndroidManifest.xml:8:5-10:41
MERGED from [com.android.support:recyclerview-v7:25.4.0] AndroidManifest.xml:20:5-43